2025-05-02 20:54:22 [] INFO  o.s.t.c.s.AnnotationConfigContextLoaderUtils - Could not detect default configuration classes for test class [org.orbyte.codedeploy.Deployment.ssh.HandleSshTest]: HandleSshTest does not declare any static, non-private, non-final, nested classes annotated with @Configuration.
2025-05-02 20:54:22 [] INFO  o.s.b.t.c.SpringBootTestContextBootstrapper - Found @SpringBootConfiguration org.orbyte.codedeploy.CodeDeployApplication for test class org.orbyte.codedeploy.Deployment.ssh.HandleSshTest
2025-05-02 20:54:22 [] INFO  o.o.c.Deployment.ssh.HandleSshTest - Starting HandleSshTest using Java 21.0.6 with PID 9330 (started by abhipatil in /Users/abhipatil/projects/springboot/CodeDeploy)
2025-05-02 20:54:22 [] INFO  o.o.c.Deployment.ssh.HandleSshTest - No active profile set, falling back to 1 default profile: "default"
2025-05-02 20:54:23 [] INFO  o.o.c.Deployment.ssh.HandleSshTest - Started HandleSshTest in 0.896 seconds (process running for 1.582)
2025-05-02 20:54:24 [] INFO  o.a.s.c.i.DefaultIoServiceFactoryFactory - No detected/configured IoServiceFactoryFactory; using Nio2ServiceFactoryFactory
2025-05-02 20:54:24 [] INFO  o.a.s.c.c.h.DefaultConfigFileHostEntryResolver - resolveEffectiveResolver(ubuntu@ec2-65-0-97-221.ap-south-1.compute.amazonaws.com:22/null) no configuration file at /Users/abhipatil/.ssh/config
2025-05-02 20:54:24 [] ERROR o.orbyte.codedeploy.Log.LoggingClass - class: class org.orbyte.codedeploy.Deployment.ssh.SshSessionManager | function:createConnection | Error in creating connection: DefaultConnectFuture[ubuntu@ec2-65-0-97-221.ap-south-1.compute.amazonaws.com/65.0.97.221:22]: Failed to get operation result within specified timeout: 7 msec
2025-05-02 20:54:24 [] ERROR o.orbyte.codedeploy.Log.LoggingClass - class: class org.orbyte.codedeploy.Deployment.ssh.SshSessionManager | function:runCommands | Error in running command: Cannot invoke "org.apache.sshd.client.session.ClientSession.isOpen()" because "this.session" is null
2025-05-02 20:54:45 [] INFO  o.s.t.c.s.AnnotationConfigContextLoaderUtils - Could not detect default configuration classes for test class [org.orbyte.codedeploy.Deployment.ssh.HandleSshTest]: HandleSshTest does not declare any static, non-private, non-final, nested classes annotated with @Configuration.
2025-05-02 20:54:45 [] INFO  o.s.b.t.c.SpringBootTestContextBootstrapper - Found @SpringBootConfiguration org.orbyte.codedeploy.CodeDeployApplication for test class org.orbyte.codedeploy.Deployment.ssh.HandleSshTest
2025-05-02 20:54:45 [] INFO  o.o.c.Deployment.ssh.HandleSshTest - Starting HandleSshTest using Java 21.0.6 with PID 9338 (started by abhipatil in /Users/abhipatil/projects/springboot/CodeDeploy)
2025-05-02 20:54:45 [] INFO  o.o.c.Deployment.ssh.HandleSshTest - No active profile set, falling back to 1 default profile: "default"
2025-05-02 20:54:46 [] INFO  o.o.c.Deployment.ssh.HandleSshTest - Started HandleSshTest in 0.654 seconds (process running for 1.464)
2025-05-02 20:54:46 [] INFO  o.a.s.c.i.DefaultIoServiceFactoryFactory - No detected/configured IoServiceFactoryFactory; using Nio2ServiceFactoryFactory
2025-05-02 20:54:46 [] INFO  o.a.s.c.c.h.DefaultConfigFileHostEntryResolver - resolveEffectiveResolver(ubuntu@ec2-65-0-97-221.ap-south-1.compute.amazonaws.com:22/null) no configuration file at /Users/abhipatil/.ssh/config
2025-05-02 20:54:46 [] ERROR o.orbyte.codedeploy.Log.LoggingClass - class: class org.orbyte.codedeploy.Deployment.ssh.SshSessionManager | function:createConnection | Error in creating connection: DefaultConnectFuture[ubuntu@ec2-65-0-97-221.ap-south-1.compute.amazonaws.com/65.0.97.221:22]: Failed to get operation result within specified timeout: 7 msec
2025-05-02 20:54:46 [] ERROR o.orbyte.codedeploy.Log.LoggingClass - class: class org.orbyte.codedeploy.Deployment.ssh.SshSessionManager | function:runCommands | Error in running command: Cannot invoke "org.apache.sshd.client.session.ClientSession.isOpen()" because "this.session" is null
2025-05-02 21:03:51 [] INFO  o.s.t.c.s.AnnotationConfigContextLoaderUtils - Could not detect default configuration classes for test class [org.orbyte.codedeploy.Deployment.ssh.HandleSshTest]: HandleSshTest does not declare any static, non-private, non-final, nested classes annotated with @Configuration.
2025-05-02 21:03:51 [] INFO  o.s.b.t.c.SpringBootTestContextBootstrapper - Found @SpringBootConfiguration org.orbyte.codedeploy.CodeDeployApplication for test class org.orbyte.codedeploy.Deployment.ssh.HandleSshTest
2025-05-02 21:03:51 [] INFO  o.o.c.Deployment.ssh.HandleSshTest - Starting HandleSshTest using Java 21.0.6 with PID 9466 (started by abhipatil in /Users/abhipatil/projects/springboot/CodeDeploy)
2025-05-02 21:03:51 [] INFO  o.o.c.Deployment.ssh.HandleSshTest - No active profile set, falling back to 1 default profile: "default"
2025-05-02 21:03:52 [] INFO  o.o.c.Deployment.ssh.HandleSshTest - Started HandleSshTest in 0.605 seconds (process running for 1.301)
2025-05-02 21:03:52 [] INFO  o.a.s.c.i.DefaultIoServiceFactoryFactory - No detected/configured IoServiceFactoryFactory; using Nio2ServiceFactoryFactory
2025-05-02 21:03:52 [] INFO  o.a.s.c.c.h.DefaultConfigFileHostEntryResolver - resolveEffectiveResolver(ubuntu@ec2-65-0-97-221.ap-south-1.compute.amazonaws.com:22/null) no configuration file at /Users/abhipatil/.ssh/config
2025-05-02 21:03:52 [] ERROR o.orbyte.codedeploy.Log.LoggingClass - class: class org.orbyte.codedeploy.Deployment.ssh.SshSessionManager | function:createConnection | Error in creating connection: DefaultConnectFuture[ubuntu@ec2-65-0-97-221.ap-south-1.compute.amazonaws.com/65.0.97.221:22]: Failed to get operation result within specified timeout: 7 msec
2025-05-02 21:03:52 [] ERROR o.orbyte.codedeploy.Log.LoggingClass - class: class org.orbyte.codedeploy.Deployment.ssh.SshSessionManager | function:runCommands | Error in running command: Cannot invoke "org.apache.sshd.client.session.ClientSession.isOpen()" because "this.session" is null
2025-05-02 21:04:17 [] INFO  o.s.t.c.s.AnnotationConfigContextLoaderUtils - Could not detect default configuration classes for test class [org.orbyte.codedeploy.Deployment.ssh.HandleSshTest]: HandleSshTest does not declare any static, non-private, non-final, nested classes annotated with @Configuration.
2025-05-02 21:04:17 [] INFO  o.s.b.t.c.SpringBootTestContextBootstrapper - Found @SpringBootConfiguration org.orbyte.codedeploy.CodeDeployApplication for test class org.orbyte.codedeploy.Deployment.ssh.HandleSshTest
2025-05-02 21:04:18 [] INFO  o.o.c.Deployment.ssh.HandleSshTest - Starting HandleSshTest using Java 21.0.6 with PID 9470 (started by abhipatil in /Users/abhipatil/projects/springboot/CodeDeploy)
2025-05-02 21:04:18 [] INFO  o.o.c.Deployment.ssh.HandleSshTest - No active profile set, falling back to 1 default profile: "default"
2025-05-02 21:04:18 [] INFO  o.o.c.Deployment.ssh.HandleSshTest - Started HandleSshTest in 0.829 seconds (process running for 1.706)
2025-05-02 21:04:19 [] INFO  o.a.s.c.i.DefaultIoServiceFactoryFactory - No detected/configured IoServiceFactoryFactory; using Nio2ServiceFactoryFactory
2025-05-02 21:04:19 [] INFO  o.a.s.c.c.h.DefaultConfigFileHostEntryResolver - resolveEffectiveResolver(ubuntu@ec2-65-0-97-221.ap-south-1.compute.amazonaws.com:22/null) no configuration file at /Users/abhipatil/.ssh/config
2025-05-02 21:04:19 [] ERROR o.orbyte.codedeploy.Log.LoggingClass - class: class org.orbyte.codedeploy.Deployment.ssh.SshSessionManager | function:createConnection | Error in creating connection: DefaultConnectFuture[ubuntu@ec2-65-0-97-221.ap-south-1.compute.amazonaws.com/65.0.97.221:22]: Failed to get operation result within specified timeout: 7 msec
2025-05-02 21:04:19 [] ERROR o.orbyte.codedeploy.Log.LoggingClass - class: class org.orbyte.codedeploy.Deployment.ssh.SshSessionManager | function:runCommands | Error in running command: Cannot invoke "org.apache.sshd.client.session.ClientSession.isOpen()" because "this.session" is null
2025-05-02 21:08:33 [] INFO  o.s.t.c.s.AnnotationConfigContextLoaderUtils - Could not detect default configuration classes for test class [org.orbyte.codedeploy.Deployment.ssh.HandleSshTest]: HandleSshTest does not declare any static, non-private, non-final, nested classes annotated with @Configuration.
2025-05-02 21:08:33 [] INFO  o.s.b.t.c.SpringBootTestContextBootstrapper - Found @SpringBootConfiguration org.orbyte.codedeploy.CodeDeployApplication for test class org.orbyte.codedeploy.Deployment.ssh.HandleSshTest
2025-05-02 21:08:33 [] INFO  o.o.c.Deployment.ssh.HandleSshTest - Starting HandleSshTest using Java 21.0.6 with PID 9509 (started by abhipatil in /Users/abhipatil/projects/springboot/CodeDeploy)
2025-05-02 21:08:33 [] INFO  o.o.c.Deployment.ssh.HandleSshTest - No active profile set, falling back to 1 default profile: "default"
2025-05-02 21:08:34 [] INFO  o.o.c.Deployment.ssh.HandleSshTest - Started HandleSshTest in 0.863 seconds (process running for 1.806)
2025-05-02 21:08:34 [] INFO  o.a.s.c.i.DefaultIoServiceFactoryFactory - No detected/configured IoServiceFactoryFactory; using Nio2ServiceFactoryFactory
2025-05-02 21:08:34 [] INFO  o.a.s.c.c.h.DefaultConfigFileHostEntryResolver - resolveEffectiveResolver(ubuntu@ec2-65-0-97-221.ap-south-1.compute.amazonaws.com:22/null) no configuration file at /Users/abhipatil/.ssh/config
2025-05-02 21:08:35 [] ERROR o.orbyte.codedeploy.Log.LoggingClass - class: class org.orbyte.codedeploy.Deployment.ssh.SshSessionManager | function:createConnection | Error in creating connection: [ssh-connection]: Failed to get operation result within specified timeout: 10 msec
2025-05-02 21:08:35 [] WARN  o.a.s.c.k.AcceptAllServerKeyVerifier - Server at ec2-65-0-97-221.ap-south-1.compute.amazonaws.com/65.0.97.221:22 presented unverified EC key: SHA256:kSvw6h8VdTBRFdZaWptYSlq51ijUWAN3J2Q+qyTsAkc
2025-05-02 21:08:35 [] INFO  o.a.s.c.session.ClientSessionImpl - flushQueue(ClientSessionImpl[ubuntu@ec2-65-0-97-221.ap-south-1.compute.amazonaws.com/65.0.97.221:22]): 1 pending packets to flush
2025-05-02 21:08:35 [] INFO  o.a.s.c.k.e.p.HostBoundPubkeyAuthentication - Server announced support for publickey-hostbound@openssh.com version 0
2025-05-02 21:08:40 [] ERROR o.orbyte.codedeploy.Log.LoggingClass - class: class org.orbyte.codedeploy.Deployment.ssh.SshSessionManager | function:runCommands | Error in running command: DefaultOpenFuture[ChannelExec[id=0, recipient=-1]-ClientSessionImpl[ubuntu@ec2-65-0-97-221.ap-south-1.compute.amazonaws.com/65.0.97.221:22]]: Failed to get operation result within specified timeout: 5000 msec
2025-05-02 21:10:01 [] INFO  o.s.t.c.s.AnnotationConfigContextLoaderUtils - Could not detect default configuration classes for test class [org.orbyte.codedeploy.Deployment.ssh.HandleSshTest]: HandleSshTest does not declare any static, non-private, non-final, nested classes annotated with @Configuration.
2025-05-02 21:10:01 [] INFO  o.s.b.t.c.SpringBootTestContextBootstrapper - Found @SpringBootConfiguration org.orbyte.codedeploy.CodeDeployApplication for test class org.orbyte.codedeploy.Deployment.ssh.HandleSshTest
2025-05-02 21:10:01 [] INFO  o.o.c.Deployment.ssh.HandleSshTest - Starting HandleSshTest using Java 21.0.6 with PID 9536 (started by abhipatil in /Users/abhipatil/projects/springboot/CodeDeploy)
2025-05-02 21:10:01 [] INFO  o.o.c.Deployment.ssh.HandleSshTest - No active profile set, falling back to 1 default profile: "default"
2025-05-02 21:10:01 [] INFO  o.o.c.Deployment.ssh.HandleSshTest - Started HandleSshTest in 0.631 seconds (process running for 1.311)
2025-05-02 21:10:02 [] INFO  o.a.s.c.i.DefaultIoServiceFactoryFactory - No detected/configured IoServiceFactoryFactory; using Nio2ServiceFactoryFactory
2025-05-02 21:10:02 [] INFO  o.a.s.c.c.h.DefaultConfigFileHostEntryResolver - resolveEffectiveResolver(ubuntu@ec2-65-0-97-221.ap-south-1.compute.amazonaws.com:22/null) no configuration file at /Users/abhipatil/.ssh/config
2025-05-02 21:10:02 [] WARN  o.a.s.c.k.AcceptAllServerKeyVerifier - Server at ec2-65-0-97-221.ap-south-1.compute.amazonaws.com/65.0.97.221:22 presented unverified EC key: SHA256:kSvw6h8VdTBRFdZaWptYSlq51ijUWAN3J2Q+qyTsAkc
2025-05-02 21:10:02 [] INFO  o.a.s.c.k.e.p.HostBoundPubkeyAuthentication - Server announced support for publickey-hostbound@openssh.com version 0
2025-05-02 21:10:53 [] INFO  o.s.t.c.s.AnnotationConfigContextLoaderUtils - Could not detect default configuration classes for test class [org.orbyte.codedeploy.Deployment.ssh.HandleSshTest]: HandleSshTest does not declare any static, non-private, non-final, nested classes annotated with @Configuration.
2025-05-02 21:10:53 [] INFO  o.s.b.t.c.SpringBootTestContextBootstrapper - Found @SpringBootConfiguration org.orbyte.codedeploy.CodeDeployApplication for test class org.orbyte.codedeploy.Deployment.ssh.HandleSshTest
2025-05-02 21:10:53 [] INFO  o.o.c.Deployment.ssh.HandleSshTest - Starting HandleSshTest using Java 21.0.6 with PID 9558 (started by abhipatil in /Users/abhipatil/projects/springboot/CodeDeploy)
2025-05-02 21:10:53 [] INFO  o.o.c.Deployment.ssh.HandleSshTest - No active profile set, falling back to 1 default profile: "default"
2025-05-02 21:10:54 [] INFO  o.o.c.Deployment.ssh.HandleSshTest - Started HandleSshTest in 0.596 seconds (process running for 1.388)
2025-05-02 21:10:54 [] INFO  o.a.s.c.i.DefaultIoServiceFactoryFactory - No detected/configured IoServiceFactoryFactory; using Nio2ServiceFactoryFactory
2025-05-02 21:10:54 [] INFO  o.a.s.c.c.h.DefaultConfigFileHostEntryResolver - resolveEffectiveResolver(ubuntu@ec2-65-0-97-221.ap-south-1.compute.amazonaws.com:22/null) no configuration file at /Users/abhipatil/.ssh/config
2025-05-02 21:10:54 [] WARN  o.a.s.c.k.AcceptAllServerKeyVerifier - Server at ec2-65-0-97-221.ap-south-1.compute.amazonaws.com/65.0.97.221:22 presented unverified EC key: SHA256:kSvw6h8VdTBRFdZaWptYSlq51ijUWAN3J2Q+qyTsAkc
2025-05-02 21:10:54 [] INFO  o.a.s.c.k.e.p.HostBoundPubkeyAuthentication - Server announced support for publickey-hostbound@openssh.com version 0
2025-05-02 21:35:44 [] INFO  o.s.t.c.s.AnnotationConfigContextLoaderUtils - Could not detect default configuration classes for test class [org.orbyte.codedeploy.Deployment.ssh.HandleSshTest]: HandleSshTest does not declare any static, non-private, non-final, nested classes annotated with @Configuration.
2025-05-02 21:35:44 [] INFO  o.s.b.t.c.SpringBootTestContextBootstrapper - Found @SpringBootConfiguration org.orbyte.codedeploy.CodeDeployApplication for test class org.orbyte.codedeploy.Deployment.ssh.HandleSshTest
2025-05-02 21:35:44 [] INFO  o.o.c.Deployment.ssh.HandleSshTest - Starting HandleSshTest using Java 21.0.6 with PID 9745 (started by abhipatil in /Users/abhipatil/projects/springboot/CodeDeploy)
2025-05-02 21:35:44 [] INFO  o.o.c.Deployment.ssh.HandleSshTest - No active profile set, falling back to 1 default profile: "default"
2025-05-02 21:35:45 [] INFO  o.o.c.Deployment.ssh.HandleSshTest - Started HandleSshTest in 0.647 seconds (process running for 1.372)
2025-05-02 21:35:45 [] INFO  o.a.s.c.i.DefaultIoServiceFactoryFactory - No detected/configured IoServiceFactoryFactory; using Nio2ServiceFactoryFactory
2025-05-02 21:35:45 [] INFO  o.a.s.c.c.h.DefaultConfigFileHostEntryResolver - resolveEffectiveResolver(ubuntu@ec2-65-0-97-221.ap-south-1.compute.amazonaws.com:22/null) no configuration file at /Users/abhipatil/.ssh/config
2025-05-02 21:35:45 [] WARN  o.a.s.c.k.AcceptAllServerKeyVerifier - Server at ec2-65-0-97-221.ap-south-1.compute.amazonaws.com/65.0.97.221:22 presented unverified EC key: SHA256:kSvw6h8VdTBRFdZaWptYSlq51ijUWAN3J2Q+qyTsAkc
2025-05-02 21:35:45 [] INFO  o.a.s.c.k.e.p.HostBoundPubkeyAuthentication - Server announced support for publickey-hostbound@openssh.com version 0
